<?xml version="1.0" encoding="UTF-8"?>
<testng-results skipped="0" failed="0" ignored="0" total="2" passed="2">
  <reporter-output>
  </reporter-output>
  <suite name="Default suite" duration-ms="58181" started-at="2019-08-21T05:20:31Z" finished-at="2019-08-21T05:21:29Z">
    <groups>
    </groups>
    <test name="Default test" duration-ms="58181" started-at="2019-08-21T05:20:31Z" finished-at="2019-08-21T05:21:29Z">
      <class name="com.crm.qa.testcases.LoginPageTest">
        <test-method status="PASS" signature="setUp()[pri:0, instance:com.crm.qa.testcases.LoginPageTest@47c62251]" name="setUp" is-config="true" duration-ms="27963" started-at="2019-08-21T05:20:31Z" finished-at="2019-08-21T05:20:59Z">
          <reporter-output>
          </reporter-output>
        </test-method> <!-- setUp -->
        <test-method status="PASS" signature="loginPageTitleTest()[pri:1, instance:com.crm.qa.testcases.LoginPageTest@47c62251]" name="loginPageTitleTest" duration-ms="22" started-at="2019-08-21T05:20:59Z" finished-at="2019-08-21T05:20:59Z">
          <reporter-output>
          </reporter-output>
        </test-method> <!-- loginPageTitleTest -->
        <test-method status="PASS" signature="tearDown()[pri:0, instance:com.crm.qa.testcases.LoginPageTest@47c62251]" name="tearDown" is-config="true" duration-ms="6954" started-at="2019-08-21T05:20:59Z" finished-at="2019-08-21T05:21:06Z">
          <reporter-output>
          </reporter-output>
        </test-method> <!-- tearDown -->
        <test-method status="PASS" signature="setUp()[pri:0, instance:com.crm.qa.testcases.LoginPageTest@47c62251]" name="setUp" is-config="true" duration-ms="16367" started-at="2019-08-21T05:21:06Z" finished-at="2019-08-21T05:21:23Z">
          <reporter-output>
          </reporter-output>
        </test-method> <!-- setUp -->
        <test-method status="PASS" signature="loginTest()[pri:2, instance:com.crm.qa.testcases.LoginPageTest@47c62251]" name="loginTest" duration-ms="508" started-at="2019-08-21T05:21:23Z" finished-at="2019-08-21T05:21:23Z">
          <reporter-output>
          </reporter-output>
        </test-method> <!-- loginTest -->
        <test-method status="PASS" signature="tearDown()[pri:0, instance:com.crm.qa.testcases.LoginPageTest@47c62251]" name="tearDown" is-config="true" duration-ms="6279" started-at="2019-08-21T05:21:23Z" finished-at="2019-08-21T05:21:29Z">
          <reporter-output>
          </reporter-output>
        </test-method> <!-- tearDown -->
      </class> <!-- com.crm.qa.testcases.LoginPageTest -->
    </test> <!-- Default test -->
  </suite> <!-- Default suite -->
</testng-results>
